0 verbose cli C:\Program Files\nodejs\node.exe C:\Program Files\nodejs\node_modules\npm\bin\npm-cli.js
1 info using npm@11.6.2
2 info using node@v24.13.0
3 silly config load:file:C:\Program Files\nodejs\node_modules\npm\npmrc
4 silly config load:file:C:\workspace\Personal\woody-service-front\.npmrc
5 silly config load:file:C:\Users\woody\.npmrc
6 silly config load:file:C:\Users\woody\AppData\Roaming\npm\etc\npmrc
7 verbose title npm exec javascript-obfuscator ./build/static/js --output ./build/static/js --compact true --string-array true --rotate-string-array true --string-array-threshold 0.75 --identifier-names-generator hexadecimal
8 verbose argv "exec" "--yes" "--" "javascript-obfuscator" "./build/static/js" "--output" "./build/static/js" "--compact" "true" "--string-array" "true" "--rotate-string-array" "true" "--string-array-threshold" "0.75" "--identifier-names-generator" "hexadecimal"
9 verbose logfile logs-max:10 dir:C:\workspace\Personal\woody-service-front\.cache\npm\_logs\2026-02-09T08_05_10_752Z-
10 verbose logfile C:\workspace\Personal\woody-service-front\.cache\npm\_logs\2026-02-09T08_05_10_752Z-debug-0.log
11 silly logfile start cleaning logs, removing 1 files
12 silly logfile done cleaning log files
13 silly packumentCache heap:4496293888 maxSize:1124073472 maxEntrySize:562036736
14 verbose shrinkwrap failed to load node_modules/.package-lock.json out of date, updated: node_modules
15 http fetch GET 200 https://registry.npmjs.org/javascript-obfuscator 95ms (cache revalidated)
16 silly packumentCache heap:4496293888 maxSize:1124073472 maxEntrySize:562036736
17 verbose Could not read global path C:\Users\woody\AppData\Roaming\npm, ignoring
18 silly packumentCache heap:4496293888 maxSize:1124073472 maxEntrySize:562036736
19 verbose cwd C:\workspace\Personal\woody-service-front
20 verbose os Windows_NT 10.0.26200
21 verbose node v24.13.0
22 verbose npm  v11.6.2
23 verbose exit 1
24 verbose code 1
