0 verbose cli C:\Program Files\nodejs\node.exe C:\Program Files\nodejs\node_modules\npm\bin\npm-cli.js
1 info using npm@11.6.2
2 info using node@v24.13.0
3 silly config load:file:C:\Program Files\nodejs\node_modules\npm\npmrc
4 silly config load:file:C:\workspace\Personal\woody-service-front\.npmrc
5 silly config load:file:C:\Users\woody\.npmrc
6 silly config load:file:C:\Users\woody\AppData\Roaming\npm\etc\npmrc
7 verbose title npm exec javascript-obfuscator ./build/static/js --output ./build/static/js --compact true --string-array true --rotate-string-array true --string-array-threshold 0.75 --identifier-names-generator hexadecimal
8 verbose argv "exec" "--yes" "--" "javascript-obfuscator" "./build/static/js" "--output" "./build/static/js" "--compact" "true" "--string-array" "true" "--rotate-string-array" "true" "--string-array-threshold" "0.75" "--identifier-names-generator" "hexadecimal"
9 verbose logfile logs-max:10 dir:C:\workspace\Personal\woody-service-front\.cache\npm\_logs\2026-02-09T08_02_02_569Z-
10 verbose logfile C:\workspace\Personal\woody-service-front\.cache\npm\_logs\2026-02-09T08_02_02_569Z-debug-0.log
11 silly logfile start cleaning logs, removing 1 files
12 silly logfile done cleaning log files
13 silly packumentCache heap:4496293888 maxSize:1124073472 maxEntrySize:562036736
14 verbose shrinkwrap failed to load node_modules/.package-lock.json out of date, updated: node_modules
15 http fetch GET 200 https://registry.npmjs.org/javascript-obfuscator 100ms (cache miss)
16 silly packumentCache heap:4496293888 maxSize:1124073472 maxEntrySize:562036736
17 verbose Could not read global path C:\Users\woody\AppData\Roaming\npm, ignoring
18 silly packumentCache heap:4496293888 maxSize:1124073472 maxEntrySize:562036736
19 silly idealTree buildDeps
20 silly fetch manifest javascript-obfuscator@5.3.0
21 silly packumentCache full:https://registry.npmjs.org/javascript-obfuscator cache-miss
22 http fetch GET 200 https://registry.npmjs.org/javascript-obfuscator 59ms (cache miss)
23 silly packumentCache full:https://registry.npmjs.org/javascript-obfuscator set size:undefined disposed:false
24 silly placeDep ROOT javascript-obfuscator@5.3.0 OK for:  want: 5.3.0
25 silly fetch manifest @javascript-obfuscator/escodegen@2.3.1
26 silly packumentCache full:https://registry.npmjs.org/@javascript-obfuscator%2fescodegen cache-miss
27 silly fetch manifest @javascript-obfuscator/estraverse@5.4.0
28 silly packumentCache full:https://registry.npmjs.org/@javascript-obfuscator%2festraverse cache-miss
29 silly fetch manifest @vercel/blob@>=0.23.0
30 silly packumentCache full:https://registry.npmjs.org/@vercel%2fblob cache-miss
31 silly fetch manifest acorn@8.15.0
32 silly packumentCache full:https://registry.npmjs.org/acorn cache-miss
33 silly fetch manifest assert@2.1.0
34 silly packumentCache full:https://registry.npmjs.org/assert cache-miss
35 silly fetch manifest chalk@4.1.2
36 silly packumentCache full:https://registry.npmjs.org/chalk cache-miss
37 silly fetch manifest chance@1.1.13
38 silly packumentCache full:https://registry.npmjs.org/chance cache-miss
39 http fetch GET 200 https://registry.npmjs.org/@javascript-obfuscator%2fescodegen 45ms (cache miss)
40 silly packumentCache full:https://registry.npmjs.org/@javascript-obfuscator%2fescodegen set size:undefined disposed:false
41 silly fetch manifest class-validator@0.14.3
42 silly packumentCache full:https://registry.npmjs.org/class-validator cache-miss
43 http fetch GET 200 https://registry.npmjs.org/assert 84ms (cache miss)
44 silly packumentCache full:https://registry.npmjs.org/assert set size:undefined disposed:false
45 silly fetch manifest commander@12.1.0
46 silly packumentCache full:https://registry.npmjs.org/commander cache-miss
47 http fetch GET 200 https://registry.npmjs.org/chance 93ms (cache miss)
48 silly packumentCache full:https://registry.npmjs.org/chance set size:undefined disposed:false
49 silly fetch manifest conf@15.0.2
50 silly packumentCache full:https://registry.npmjs.org/conf cache-miss
51 http fetch GET 200 https://registry.npmjs.org/acorn 97ms (cache miss)
52 silly packumentCache full:https://registry.npmjs.org/acorn set size:undefined disposed:false
53 silly fetch manifest eslint-scope@8.4.0
54 silly packumentCache full:https://registry.npmjs.org/eslint-scope cache-miss
55 http fetch GET 200 https://registry.npmjs.org/class-validator 58ms (cache miss)
56 silly packumentCache full:https://registry.npmjs.org/class-validator set size:undefined disposed:false
57 silly fetch manifest eslint-visitor-keys@4.2.1
58 silly packumentCache full:https://registry.npmjs.org/eslint-visitor-keys cache-miss
59 http fetch GET 200 https://registry.npmjs.org/chalk 117ms (cache miss)
60 silly packumentCache full:https://registry.npmjs.org/chalk set size:undefined disposed:false
61 silly fetch manifest fast-deep-equal@3.1.3
62 silly packumentCache full:https://registry.npmjs.org/fast-deep-equal cache-miss
63 http fetch GET 200 https://registry.npmjs.org/@vercel%2fblob 130ms (cache miss)
64 silly packumentCache full:https://registry.npmjs.org/@vercel%2fblob set size:undefined disposed:false
65 silly fetch manifest inversify@6.1.4
66 silly packumentCache full:https://registry.npmjs.org/inversify cache-miss
67 http fetch GET 200 https://registry.npmjs.org/commander 59ms (cache miss)
68 silly packumentCache full:https://registry.npmjs.org/commander set size:undefined disposed:false
69 silly fetch manifest js-string-escape@1.0.1
70 silly packumentCache full:https://registry.npmjs.org/js-string-escape cache-miss
71 http fetch GET 200 https://registry.npmjs.org/eslint-visitor-keys 56ms (cache miss)
72 silly packumentCache full:https://registry.npmjs.org/eslint-visitor-keys set size:undefined disposed:false
73 silly fetch manifest md5@2.3.0
74 silly packumentCache full:https://registry.npmjs.org/md5 cache-miss
75 http fetch GET 200 https://registry.npmjs.org/fast-deep-equal 44ms (cache miss)
76 silly packumentCache full:https://registry.npmjs.org/fast-deep-equal set size:undefined disposed:false
77 silly fetch manifest mkdirp@3.0.1
78 silly packumentCache full:https://registry.npmjs.org/mkdirp cache-miss
79 http fetch GET 200 https://registry.npmjs.org/eslint-scope 70ms (cache miss)
80 silly packumentCache full:https://registry.npmjs.org/eslint-scope set size:undefined disposed:false
81 silly fetch manifest multimatch@5.0.0
82 silly packumentCache full:https://registry.npmjs.org/multimatch cache-miss
83 http fetch GET 200 https://registry.npmjs.org/js-string-escape 39ms (cache miss)
84 silly packumentCache full:https://registry.npmjs.org/js-string-escape set size:undefined disposed:false
85 silly fetch manifest process@0.11.10
86 silly packumentCache full:https://registry.npmjs.org/process cache-miss
87 http fetch GET 200 https://registry.npmjs.org/inversify 66ms (cache miss)
88 silly packumentCache full:https://registry.npmjs.org/inversify set size:undefined disposed:false
89 silly fetch manifest reflect-metadata@0.2.2
90 silly packumentCache full:https://registry.npmjs.org/reflect-metadata cache-miss
91 http fetch GET 200 https://registry.npmjs.org/md5 47ms (cache miss)
92 silly packumentCache full:https://registry.npmjs.org/md5 set size:undefined disposed:false
93 silly fetch manifest source-map-support@0.5.21
94 silly packumentCache full:https://registry.npmjs.org/source-map-support cache-miss
95 http fetch GET 200 https://registry.npmjs.org/multimatch 40ms (cache miss)
96 silly packumentCache full:https://registry.npmjs.org/multimatch set size:undefined disposed:false
97 silly fetch manifest string-template@1.0.0
98 silly packumentCache full:https://registry.npmjs.org/string-template cache-miss
99 http fetch GET 200 https://registry.npmjs.org/process 36ms (cache miss)
100 silly packumentCache full:https://registry.npmjs.org/process set size:undefined disposed:false
101 silly fetch manifest stringz@2.1.0
102 silly packumentCache full:https://registry.npmjs.org/stringz cache-miss
103 http fetch GET 200 https://registry.npmjs.org/mkdirp 70ms (cache miss)
104 silly packumentCache full:https://registry.npmjs.org/mkdirp set size:undefined disposed:false
105 silly fetch manifest tslib@2.8.1
106 silly packumentCache full:https://registry.npmjs.org/tslib cache-miss
107 http fetch GET 200 https://registry.npmjs.org/reflect-metadata 36ms (cache miss)
108 silly packumentCache full:https://registry.npmjs.org/reflect-metadata set size:undefined disposed:false
109 http fetch GET 200 https://registry.npmjs.org/source-map-support 36ms (cache miss)
110 silly packumentCache full:https://registry.npmjs.org/source-map-support set size:undefined disposed:false
111 http fetch GET 200 https://registry.npmjs.org/stringz 28ms (cache miss)
112 silly packumentCache full:https://registry.npmjs.org/stringz set size:undefined disposed:false
113 http fetch GET 200 https://registry.npmjs.org/tslib 52ms (cache miss)
114 silly packumentCache full:https://registry.npmjs.org/tslib set size:undefined disposed:false
115 http fetch GET 200 https://registry.npmjs.org/conf 207ms (cache miss)
116 silly packumentCache full:https://registry.npmjs.org/conf set size:undefined disposed:false
117 http fetch GET 200 https://registry.npmjs.org/@javascript-obfuscator%2festraverse 389ms (cache miss)
118 silly packumentCache full:https://registry.npmjs.org/@javascript-obfuscator%2festraverse set size:undefined disposed:false
119 http fetch GET 200 https://registry.npmjs.org/string-template 202ms (cache miss)
120 silly packumentCache full:https://registry.npmjs.org/string-template set size:undefined disposed:false
121 silly placeDep ROOT @javascript-obfuscator/escodegen@2.3.1 OK for: javascript-obfuscator@5.3.0 want: 2.3.1
122 silly placeDep ROOT @javascript-obfuscator/estraverse@5.4.0 OK for: javascript-obfuscator@5.3.0 want: 5.4.0
123 silly placeDep ROOT @vercel/blob@2.2.0 OK for: javascript-obfuscator@5.3.0 want: >=0.23.0
124 silly placeDep ROOT acorn@8.15.0 OK for: javascript-obfuscator@5.3.0 want: 8.15.0
125 silly placeDep ROOT assert@2.1.0 OK for: javascript-obfuscator@5.3.0 want: 2.1.0
126 silly placeDep ROOT chalk@4.1.2 OK for: javascript-obfuscator@5.3.0 want: 4.1.2
127 silly placeDep ROOT chance@1.1.13 OK for: javascript-obfuscator@5.3.0 want: 1.1.13
128 silly placeDep ROOT class-validator@0.14.3 OK for: javascript-obfuscator@5.3.0 want: 0.14.3
129 silly placeDep ROOT commander@12.1.0 OK for: javascript-obfuscator@5.3.0 want: 12.1.0
130 silly placeDep ROOT conf@15.0.2 OK for: javascript-obfuscator@5.3.0 want: 15.0.2
131 silly placeDep ROOT eslint-scope@8.4.0 OK for: javascript-obfuscator@5.3.0 want: 8.4.0
132 silly placeDep ROOT eslint-visitor-keys@4.2.1 OK for: javascript-obfuscator@5.3.0 want: 4.2.1
133 silly placeDep ROOT fast-deep-equal@3.1.3 OK for: javascript-obfuscator@5.3.0 want: 3.1.3
134 silly placeDep ROOT inversify@6.1.4 OK for: javascript-obfuscator@5.3.0 want: 6.1.4
135 silly placeDep ROOT js-string-escape@1.0.1 OK for: javascript-obfuscator@5.3.0 want: 1.0.1
136 silly placeDep ROOT md5@2.3.0 OK for: javascript-obfuscator@5.3.0 want: 2.3.0
137 silly placeDep ROOT mkdirp@3.0.1 OK for: javascript-obfuscator@5.3.0 want: 3.0.1
138 silly placeDep ROOT multimatch@5.0.0 OK for: javascript-obfuscator@5.3.0 want: 5.0.0
139 silly placeDep ROOT process@0.11.10 OK for: javascript-obfuscator@5.3.0 want: 0.11.10
140 silly placeDep ROOT reflect-metadata@0.2.2 OK for: javascript-obfuscator@5.3.0 want: 0.2.2
141 silly placeDep ROOT source-map-support@0.5.21 OK for: javascript-obfuscator@5.3.0 want: 0.5.21
142 silly placeDep ROOT string-template@1.0.0 OK for: javascript-obfuscator@5.3.0 want: 1.0.0
143 silly placeDep ROOT stringz@2.1.0 OK for: javascript-obfuscator@5.3.0 want: 2.1.0
144 silly placeDep ROOT tslib@2.8.1 OK for: javascript-obfuscator@5.3.0 want: 2.8.1
145 silly fetch manifest esprima@^4.0.1
146 silly packumentCache full:https://registry.npmjs.org/esprima cache-miss
147 silly fetch manifest esutils@^2.0.2
148 silly packumentCache full:https://registry.npmjs.org/esutils cache-miss
149 silly fetch manifest optionator@^0.8.1
150 silly packumentCache full:https://registry.npmjs.org/optionator cache-miss
151 silly fetch manifest @javascript-obfuscator/estraverse@^5.3.0
152 silly packumentCache full:https://registry.npmjs.org/@javascript-obfuscator%2festraverse cache-miss
153 silly fetch manifest source-map@~0.6.1
154 silly packumentCache full:https://registry.npmjs.org/source-map cache-miss
155 silly fetch manifest undici@^6.23.0
156 silly packumentCache full:https://registry.npmjs.org/undici cache-miss
157 silly fetch manifest is-buffer@^2.0.5
158 silly packumentCache full:https://registry.npmjs.org/is-buffer cache-miss
159 http cache https://registry.npmjs.org/@javascript-obfuscator%2festraverse 23ms (cache hit)
160 silly packumentCache full:https://registry.npmjs.org/@javascript-obfuscator%2festraverse set size:11014 disposed:false
161 silly fetch manifest throttleit@^2.1.0
162 silly packumentCache full:https://registry.npmjs.org/throttleit cache-miss
163 http fetch GET 200 https://registry.npmjs.org/optionator 48ms (cache miss)
164 silly packumentCache full:https://registry.npmjs.org/optionator set size:undefined disposed:false
165 silly fetch manifest async-retry@^1.3.3
166 silly packumentCache full:https://registry.npmjs.org/async-retry cache-miss
167 http fetch GET 200 https://registry.npmjs.org/esprima 55ms (cache miss)
168 silly packumentCache full:https://registry.npmjs.org/esprima set size:undefined disposed:false
169 silly fetch manifest is-node-process@^1.2.0
170 silly packumentCache full:https://registry.npmjs.org/is-node-process cache-miss
171 http fetch GET 200 https://registry.npmjs.org/is-buffer 59ms (cache miss)
172 silly packumentCache full:https://registry.npmjs.org/is-buffer set size:undefined disposed:false
173 silly fetch manifest util@^0.12.5
174 silly packumentCache full:https://registry.npmjs.org/util cache-miss
175 http fetch GET 200 https://registry.npmjs.org/source-map 67ms (cache miss)
176 silly packumentCache full:https://registry.npmjs.org/source-map set size:undefined disposed:false
177 silly fetch manifest is-nan@^1.3.2
178 silly packumentCache full:https://registry.npmjs.org/is-nan cache-miss
179 http fetch GET 200 https://registry.npmjs.org/esutils 76ms (cache miss)
180 silly packumentCache full:https://registry.npmjs.org/esutils set size:undefined disposed:false
181 silly fetch manifest call-bind@^1.0.2
182 silly packumentCache full:https://registry.npmjs.org/call-bind cache-miss
183 http fetch GET 200 https://registry.npmjs.org/throttleit 54ms (cache miss)
184 silly packumentCache full:https://registry.npmjs.org/throttleit set size:undefined disposed:false
185 silly fetch manifest object-is@^1.1.5
186 silly packumentCache full:https://registry.npmjs.org/object-is cache-miss
187 http fetch GET 200 https://registry.npmjs.org/async-retry 47ms (cache miss)
188 silly packumentCache full:https://registry.npmjs.org/async-retry set size:undefined disposed:false
189 silly fetch manifest object.assign@^4.1.4
190 silly packumentCache full:https://registry.npmjs.org/object.assign cache-miss
191 http fetch GET 200 https://registry.npmjs.org/is-node-process 46ms (cache miss)
192 silly packumentCache full:https://registry.npmjs.org/is-node-process set size:undefined disposed:false
193 silly fetch manifest ansi-styles@^4.1.0
194 silly packumentCache full:https://registry.npmjs.org/ansi-styles cache-miss
195 http fetch GET 200 https://registry.npmjs.org/util 52ms (cache miss)
196 silly packumentCache full:https://registry.npmjs.org/util set size:undefined disposed:false
197 silly fetch manifest supports-color@^7.1.0
198 silly packumentCache full:https://registry.npmjs.org/supports-color cache-miss
199 http fetch GET 200 https://registry.npmjs.org/is-nan 60ms (cache miss)
200 silly packumentCache full:https://registry.npmjs.org/is-nan set size:undefined disposed:false
201 silly fetch manifest @types/validator@^13.15.3
202 silly packumentCache full:https://registry.npmjs.org/@types%2fvalidator cache-miss
203 http fetch GET 200 https://registry.npmjs.org/call-bind 70ms (cache miss)
204 silly packumentCache full:https://registry.npmjs.org/call-bind set size:undefined disposed:false
205 silly fetch manifest libphonenumber-js@^1.11.1
206 silly packumentCache full:https://registry.npmjs.org/libphonenumber-js cache-miss
207 http fetch GET 200 https://registry.npmjs.org/undici 154ms (cache miss)
208 silly packumentCache full:https://registry.npmjs.org/undici set size:undefined disposed:false
209 silly fetch manifest validator@^13.15.20
210 silly packumentCache full:https://registry.npmjs.org/validator cache-miss
211 http fetch GET 200 https://registry.npmjs.org/object-is 93ms (cache miss)
212 silly packumentCache full:https://registry.npmjs.org/object-is set size:undefined disposed:false
213 silly fetch manifest ajv@^8.17.1
214 silly packumentCache full:https://registry.npmjs.org/ajv cache-miss
215 http fetch GET 200 https://registry.npmjs.org/object.assign 87ms (cache miss)
216 silly packumentCache full:https://registry.npmjs.org/object.assign set size:undefined disposed:false
217 silly fetch manifest semver@^7.7.2
218 silly packumentCache full:https://registry.npmjs.org/semver cache-miss
219 http fetch GET 200 https://registry.npmjs.org/ansi-styles 92ms (cache miss)
220 silly packumentCache full:https://registry.npmjs.org/ansi-styles set size:undefined disposed:false
221 silly fetch manifest dot-prop@^10.0.0
222 silly packumentCache full:https://registry.npmjs.org/dot-prop cache-miss
223 http fetch GET 200 https://registry.npmjs.org/supports-color 87ms (cache miss)
224 silly packumentCache full:https://registry.npmjs.org/supports-color set size:undefined disposed:false
225 silly fetch manifest env-paths@^3.0.0
226 silly packumentCache full:https://registry.npmjs.org/env-paths cache-miss
227 http fetch GET 200 https://registry.npmjs.org/@types%2fvalidator 79ms (cache miss)
228 silly packumentCache full:https://registry.npmjs.org/@types%2fvalidator set size:undefined disposed:false
229 silly fetch manifest atomically@^2.0.3
230 silly packumentCache full:https://registry.npmjs.org/atomically cache-miss
231 http fetch GET 200 https://registry.npmjs.org/validator 62ms (cache miss)
232 silly packumentCache full:https://registry.npmjs.org/validator set size:undefined disposed:false
233 silly fetch manifest ajv-formats@^3.0.1
234 silly packumentCache full:https://registry.npmjs.org/ajv-formats cache-miss
235 http fetch GET 200 https://registry.npmjs.org/semver 55ms (cache miss)
236 silly packumentCache full:https://registry.npmjs.org/semver set size:undefined disposed:false
237 silly fetch manifest debounce-fn@^6.0.0
238 silly packumentCache full:https://registry.npmjs.org/debounce-fn cache-miss
239 http fetch GET 200 https://registry.npmjs.org/env-paths 51ms (cache miss)
240 silly packumentCache full:https://registry.npmjs.org/env-paths set size:undefined disposed:false
241 silly fetch manifest json-schema-typed@^8.0.1
242 silly packumentCache full:https://registry.npmjs.org/json-schema-typed cache-miss
243 http fetch GET 200 https://registry.npmjs.org/atomically 47ms (cache miss)
244 silly packumentCache full:https://registry.npmjs.org/atomically set size:undefined disposed:false
245 silly fetch manifest uint8array-extras@^1.5.0
246 silly packumentCache full:https://registry.npmjs.org/uint8array-extras cache-miss
247 http fetch GET 200 https://registry.npmjs.org/dot-prop 64ms (cache miss)
248 silly packumentCache full:https://registry.npmjs.org/dot-prop set size:undefined disposed:false
249 silly fetch manifest esrecurse@^4.3.0
250 silly packumentCache full:https://registry.npmjs.org/esrecurse cache-miss
251 http fetch GET 200 https://registry.npmjs.org/ajv 99ms (cache miss)
252 silly packumentCache full:https://registry.npmjs.org/ajv set size:undefined disposed:false
253 silly fetch manifest estraverse@^5.2.0
254 silly packumentCache full:https://registry.npmjs.org/estraverse cache-miss
255 http fetch GET 200 https://registry.npmjs.org/debounce-fn 41ms (cache miss)
256 silly packumentCache full:https://registry.npmjs.org/debounce-fn set size:undefined disposed:false
257 silly fetch manifest @inversifyjs/core@1.3.4
258 silly packumentCache full:https://registry.npmjs.org/@inversifyjs%2fcore cache-miss
259 http fetch GET 200 https://registry.npmjs.org/ajv-formats 64ms (cache miss)
260 silly packumentCache full:https://registry.npmjs.org/ajv-formats set size:undefined disposed:false
261 silly fetch manifest @inversifyjs/common@1.3.3
262 silly packumentCache full:https://registry.npmjs.org/@inversifyjs%2fcommon cache-miss
263 http fetch GET 200 https://registry.npmjs.org/esrecurse 43ms (cache miss)
264 silly packumentCache full:https://registry.npmjs.org/esrecurse set size:undefined disposed:false
265 silly fetch manifest crypt@0.0.2
266 silly packumentCache full:https://registry.npmjs.org/crypt cache-miss
267 http fetch GET 200 https://registry.npmjs.org/uint8array-extras 50ms (cache miss)
268 silly packumentCache full:https://registry.npmjs.org/uint8array-extras set size:undefined disposed:false
269 silly fetch manifest charenc@0.0.2
270 silly packumentCache full:https://registry.npmjs.org/charenc cache-miss
271 http fetch GET 200 https://registry.npmjs.org/json-schema-typed 58ms (cache miss)
272 silly packumentCache full:https://registry.npmjs.org/json-schema-typed set size:undefined disposed:false
273 silly fetch manifest is-buffer@~1.1.6
274 silly packumentCache full:https://registry.npmjs.org/is-buffer cache-miss
275 http fetch GET 200 https://registry.npmjs.org/libphonenumber-js 174ms (cache miss)
276 silly packumentCache full:https://registry.npmjs.org/libphonenumber-js set size:undefined disposed:false
277 silly fetch manifest @types/minimatch@^3.0.3
278 silly packumentCache full:https://registry.npmjs.org/@types%2fminimatch cache-miss
279 http fetch GET 200 https://registry.npmjs.org/estraverse 61ms (cache miss)
280 silly packumentCache full:https://registry.npmjs.org/estraverse set size:undefined disposed:false
281 silly fetch manifest array-differ@^3.0.0
282 silly packumentCache full:https://registry.npmjs.org/array-differ cache-miss
283 http cache https://registry.npmjs.org/is-buffer 33ms (cache hit)
284 silly packumentCache full:https://registry.npmjs.org/is-buffer set size:34803 disposed:false
285 silly fetch manifest array-union@^2.1.0
286 silly packumentCache full:https://registry.npmjs.org/array-union cache-miss
287 http fetch GET 200 https://registry.npmjs.org/charenc 42ms (cache miss)
288 silly packumentCache full:https://registry.npmjs.org/charenc set size:undefined disposed:false
289 silly fetch manifest arrify@^2.0.1
290 silly packumentCache full:https://registry.npmjs.org/arrify cache-miss
291 http fetch GET 200 https://registry.npmjs.org/@inversifyjs%2fcore 68ms (cache miss)
292 silly packumentCache full:https://registry.npmjs.org/@inversifyjs%2fcore set size:undefined disposed:false
293 silly fetch manifest minimatch@^3.0.4
294 silly packumentCache full:https://registry.npmjs.org/minimatch cache-miss
295 http fetch GET 200 https://registry.npmjs.org/crypt 56ms (cache miss)
296 silly packumentCache full:https://registry.npmjs.org/crypt set size:undefined disposed:false
297 silly fetch manifest buffer-from@^1.0.0
298 silly packumentCache full:https://registry.npmjs.org/buffer-from cache-miss
299 http fetch GET 200 https://registry.npmjs.org/@inversifyjs%2fcommon 61ms (cache miss)
300 silly packumentCache full:https://registry.npmjs.org/@inversifyjs%2fcommon set size:undefined disposed:false
301 silly fetch manifest source-map@^0.6.0
302 silly packumentCache full:https://registry.npmjs.org/source-map cache-miss
303 http fetch GET 200 https://registry.npmjs.org/@types%2fminimatch 34ms (cache miss)
304 silly packumentCache full:https://registry.npmjs.org/@types%2fminimatch set size:undefined disposed:false
305 silly fetch manifest char-regex@^1.0.2
306 silly packumentCache full:https://registry.npmjs.org/char-regex cache-miss
307 http cache https://registry.npmjs.org/source-map 11ms (cache hit)
308 silly packumentCache full:https://registry.npmjs.org/source-map set size:226141 disposed:false
309 http fetch GET 200 https://registry.npmjs.org/array-differ 48ms (cache miss)
310 silly packumentCache full:https://registry.npmjs.org/array-differ set size:undefined disposed:false
311 http fetch GET 200 https://registry.npmjs.org/array-union 45ms (cache miss)
312 silly packumentCache full:https://registry.npmjs.org/array-union set size:undefined disposed:false
313 http fetch GET 200 https://registry.npmjs.org/arrify 43ms (cache miss)
314 silly packumentCache full:https://registry.npmjs.org/arrify set size:undefined disposed:false
315 http fetch GET 200 https://registry.npmjs.org/minimatch 45ms (cache miss)
316 silly packumentCache full:https://registry.npmjs.org/minimatch set size:undefined disposed:false
317 http fetch GET 200 https://registry.npmjs.org/char-regex 39ms (cache miss)
318 silly packumentCache full:https://registry.npmjs.org/char-regex set size:undefined disposed:false
319 http fetch GET 200 https://registry.npmjs.org/buffer-from 48ms (cache miss)
320 silly packumentCache full:https://registry.npmjs.org/buffer-from set size:undefined disposed:false
321 silly placeDep ROOT esprima@4.0.1 OK for: @javascript-obfuscator/escodegen@2.3.1 want: ^4.0.1
322 silly placeDep ROOT esutils@2.0.3 OK for: @javascript-obfuscator/escodegen@2.3.1 want: ^2.0.2
323 silly placeDep ROOT optionator@0.8.3 OK for: @javascript-obfuscator/escodegen@2.3.1 want: ^0.8.1
324 silly placeDep ROOT source-map@0.6.1 OK for: @javascript-obfuscator/escodegen@2.3.1 want: ~0.6.1
325 silly fetch manifest prelude-ls@~1.1.2
326 silly packumentCache full:https://registry.npmjs.org/prelude-ls cache-miss
327 silly fetch manifest deep-is@~0.1.3
328 silly packumentCache full:https://registry.npmjs.org/deep-is cache-miss
329 silly fetch manifest word-wrap@~1.2.3
330 silly packumentCache full:https://registry.npmjs.org/word-wrap cache-miss
331 silly fetch manifest type-check@~0.3.2
332 silly packumentCache full:https://registry.npmjs.org/type-check cache-miss
333 silly fetch manifest levn@~0.3.0
334 silly packumentCache full:https://registry.npmjs.org/levn cache-miss
335 silly fetch manifest fast-levenshtein@~2.0.6
336 silly packumentCache full:https://registry.npmjs.org/fast-levenshtein cache-miss
337 http fetch GET 200 https://registry.npmjs.org/prelude-ls 45ms (cache miss)
338 silly packumentCache full:https://registry.npmjs.org/prelude-ls set size:undefined disposed:false
339 http fetch GET 200 https://registry.npmjs.org/fast-levenshtein 47ms (cache miss)
340 silly packumentCache full:https://registry.npmjs.org/fast-levenshtein set size:undefined disposed:false
341 http fetch GET 200 https://registry.npmjs.org/levn 51ms (cache miss)
342 silly packumentCache full:https://registry.npmjs.org/levn set size:undefined disposed:false
343 http fetch GET 200 https://registry.npmjs.org/deep-is 54ms (cache miss)
344 silly packumentCache full:https://registry.npmjs.org/deep-is set size:undefined disposed:false
345 http fetch GET 200 https://registry.npmjs.org/type-check 56ms (cache miss)
346 silly packumentCache full:https://registry.npmjs.org/type-check set size:undefined disposed:false
347 http fetch GET 200 https://registry.npmjs.org/word-wrap 57ms (cache miss)
348 silly packumentCache full:https://registry.npmjs.org/word-wrap set size:undefined disposed:false
349 silly placeDep ROOT async-retry@1.3.3 OK for: @vercel/blob@2.2.0 want: ^1.3.3
350 silly placeDep ROOT is-buffer@2.0.5 OK for: @vercel/blob@2.2.0 want: ^2.0.5
351 silly placeDep ROOT is-node-process@1.2.0 OK for: @vercel/blob@2.2.0 want: ^1.2.0
352 silly placeDep ROOT throttleit@2.1.0 OK for: @vercel/blob@2.2.0 want: ^2.1.0
353 silly placeDep ROOT undici@6.23.0 OK for: @vercel/blob@2.2.0 want: ^6.23.0
354 silly fetch manifest retry@0.13.1
355 silly packumentCache full:https://registry.npmjs.org/retry cache-miss
356 http fetch GET 200 https://registry.npmjs.org/retry 32ms (cache miss)
357 silly packumentCache full:https://registry.npmjs.org/retry set size:undefined disposed:false
358 silly placeDep ROOT call-bind@1.0.8 OK for: assert@2.1.0 want: ^1.0.2
359 silly placeDep ROOT is-nan@1.3.2 OK for: assert@2.1.0 want: ^1.3.2
360 silly placeDep ROOT object-is@1.1.6 OK for: assert@2.1.0 want: ^1.1.5
361 silly placeDep ROOT object.assign@4.1.7 OK for: assert@2.1.0 want: ^4.1.4
362 silly placeDep ROOT util@0.12.5 OK for: assert@2.1.0 want: ^0.12.5
363 silly fetch manifest call-bind-apply-helpers@^1.0.0
364 silly packumentCache full:https://registry.npmjs.org/call-bind-apply-helpers cache-miss
365 silly fetch manifest es-define-property@^1.0.0
366 silly packumentCache full:https://registry.npmjs.org/es-define-property cache-miss
367 silly fetch manifest get-intrinsic@^1.2.4
368 silly packumentCache full:https://registry.npmjs.org/get-intrinsic cache-miss
369 silly fetch manifest set-function-length@^1.2.2
370 silly packumentCache full:https://registry.npmjs.org/set-function-length cache-miss
371 silly fetch manifest define-properties@^1.1.3
372 silly packumentCache full:https://registry.npmjs.org/define-properties cache-miss
373 silly fetch manifest define-properties@^1.2.1
374 silly packumentCache full:https://registry.npmjs.org/define-properties cache-miss
375 silly fetch manifest call-bound@^1.0.3
376 silly packumentCache full:https://registry.npmjs.org/call-bound cache-miss
377 http fetch GET 200 https://registry.npmjs.org/set-function-length 40ms (cache miss)
378 silly packumentCache full:https://registry.npmjs.org/set-function-length set size:undefined disposed:false
379 silly fetch manifest define-properties@^1.2.1
380 silly packumentCache full:https://registry.npmjs.org/define-properties cache-miss
381 http fetch GET 200 https://registry.npmjs.org/get-intrinsic 47ms (cache miss)
382 silly packumentCache full:https://registry.npmjs.org/get-intrinsic set size:undefined disposed:false
383 silly fetch manifest es-object-atoms@^1.0.0
384 silly packumentCache full:https://registry.npmjs.org/es-object-atoms cache-miss
385 http fetch GET 200 https://registry.npmjs.org/call-bound 55ms (cache miss)
386 silly packumentCache full:https://registry.npmjs.org/call-bound set size:undefined disposed:false
387 silly fetch manifest has-symbols@^1.1.0
388 silly packumentCache full:https://registry.npmjs.org/has-symbols cache-miss
389 http fetch GET 200 https://registry.npmjs.org/es-define-property 60ms (cache miss)
390 silly packumentCache full:https://registry.npmjs.org/es-define-property set size:undefined disposed:false
391 silly fetch manifest object-keys@^1.1.1
392 silly packumentCache full:https://registry.npmjs.org/object-keys cache-miss
393 http fetch GET 200 https://registry.npmjs.org/call-bind-apply-helpers 62ms (cache miss)
394 silly packumentCache full:https://registry.npmjs.org/call-bind-apply-helpers set size:undefined disposed:false
395 silly fetch manifest inherits@^2.0.3
396 silly packumentCache full:https://registry.npmjs.org/inherits cache-miss
397 http fetch GET 200 https://registry.npmjs.org/define-properties 75ms (cache miss)
398 silly packumentCache full:https://registry.npmjs.org/define-properties set size:undefined disposed:false
399 silly fetch manifest is-arguments@^1.0.4
400 silly packumentCache full:https://registry.npmjs.org/is-arguments cache-miss
401 http fetch GET 200 https://registry.npmjs.org/define-properties 79ms (cache miss)
402 silly packumentCache full:https://registry.npmjs.org/define-properties set size:undefined disposed:false
403 silly fetch manifest is-generator-function@^1.0.7
404 silly packumentCache full:https://registry.npmjs.org/is-generator-function cache-miss
405 http fetch GET 200 https://registry.npmjs.org/define-properties 45ms (cache miss)
406 silly packumentCache full:https://registry.npmjs.org/define-properties set size:undefined disposed:false
407 silly fetch manifest is-typed-array@^1.1.3
408 silly packumentCache full:https://registry.npmjs.org/is-typed-array cache-miss
409 http fetch GET 200 https://registry.npmjs.org/es-object-atoms 44ms (cache miss)
410 silly packumentCache full:https://registry.npmjs.org/es-object-atoms set size:undefined disposed:false
411 silly fetch manifest which-typed-array@^1.1.2
412 silly packumentCache full:https://registry.npmjs.org/which-typed-array cache-miss
413 http fetch GET 200 https://registry.npmjs.org/inherits 37ms (cache miss)
414 silly packumentCache full:https://registry.npmjs.org/inherits set size:undefined disposed:false
415 http fetch GET 200 https://registry.npmjs.org/object-keys 40ms (cache miss)
416 silly packumentCache full:https://registry.npmjs.org/object-keys set size:undefined disposed:false
417 http fetch GET 200 https://registry.npmjs.org/has-symbols 44ms (cache miss)
418 silly packumentCache full:https://registry.npmjs.org/has-symbols set size:undefined disposed:false
419 http fetch GET 200 https://registry.npmjs.org/is-arguments 48ms (cache miss)
420 silly packumentCache full:https://registry.npmjs.org/is-arguments set size:undefined disposed:false
421 http fetch GET 200 https://registry.npmjs.org/is-generator-function 45ms (cache miss)
422 silly packumentCache full:https://registry.npmjs.org/is-generator-function set size:undefined disposed:false
423 http fetch GET 200 https://registry.npmjs.org/which-typed-array 40ms (cache miss)
424 silly packumentCache full:https://registry.npmjs.org/which-typed-array set size:undefined disposed:false
425 http fetch GET 200 https://registry.npmjs.org/is-typed-array 46ms (cache miss)
426 silly packumentCache full:https://registry.npmjs.org/is-typed-array set size:undefined disposed:false
427 silly placeDep ROOT retry@0.13.1 OK for: async-retry@1.3.3 want: 0.13.1
428 silly placeDep ROOT call-bind-apply-helpers@1.0.2 OK for: call-bind@1.0.8 want: ^1.0.0
429 silly placeDep ROOT es-define-property@1.0.1 OK for: call-bind@1.0.8 want: ^1.0.0
430 silly placeDep ROOT get-intrinsic@1.3.0 OK for: call-bind@1.0.8 want: ^1.2.4
431 silly placeDep ROOT set-function-length@1.2.2 OK for: call-bind@1.0.8 want: ^1.2.2
432 silly fetch manifest es-errors@^1.3.0
433 silly packumentCache full:https://registry.npmjs.org/es-errors cache-miss
434 silly fetch manifest function-bind@^1.1.2
435 silly packumentCache full:https://registry.npmjs.org/function-bind cache-miss
436 silly fetch manifest gopd@^1.2.0
437 silly packumentCache full:https://registry.npmjs.org/gopd cache-miss
438 silly fetch manifest hasown@^2.0.2
439 silly packumentCache full:https://registry.npmjs.org/hasown cache-miss
440 silly fetch manifest es-errors@^1.3.0
441 silly packumentCache full:https://registry.npmjs.org/es-errors cache-miss
442 silly fetch manifest get-proto@^1.0.1
443 silly packumentCache full:https://registry.npmjs.org/get-proto cache-miss
444 silly fetch manifest function-bind@^1.1.2
445 silly packumentCache full:https://registry.npmjs.org/function-bind cache-miss
446 http fetch GET 200 https://registry.npmjs.org/function-bind 34ms (cache miss)
447 silly packumentCache full:https://registry.npmjs.org/function-bind set size:undefined disposed:false
448 silly fetch manifest es-object-atoms@^1.1.1
449 silly packumentCache full:https://registry.npmjs.org/es-object-atoms cache-miss
450 http fetch GET 200 https://registry.npmjs.org/function-bind 39ms (cache miss)
451 silly packumentCache full:https://registry.npmjs.org/function-bind set size:undefined disposed:false
452 silly fetch manifest math-intrinsics@^1.1.0
453 silly packumentCache full:https://registry.npmjs.org/math-intrinsics cache-miss
454 http fetch GET 200 https://registry.npmjs.org/es-errors 40ms (cache miss)
455 silly packumentCache full:https://registry.npmjs.org/es-errors set size:undefined disposed:false
456 silly fetch manifest define-data-property@^1.1.4
457 silly packumentCache full:https://registry.npmjs.org/define-data-property cache-miss
458 http fetch GET 200 https://registry.npmjs.org/gopd 42ms (cache miss)
459 silly packumentCache full:https://registry.npmjs.org/gopd set size:undefined disposed:false
460 silly fetch manifest gopd@^1.0.1
461 silly packumentCache full:https://registry.npmjs.org/gopd cache-miss
462 http fetch GET 200 https://registry.npmjs.org/es-errors 48ms (cache miss)
463 silly packumentCache full:https://registry.npmjs.org/es-errors set size:undefined disposed:false
464 silly fetch manifest has-property-descriptors@^1.0.2
465 silly packumentCache full:https://registry.npmjs.org/has-property-descriptors cache-miss
466 http cache https://registry.npmjs.org/es-object-atoms 31ms (cache hit)
467 silly packumentCache full:https://registry.npmjs.org/es-object-atoms set size:15304 disposed:false
468 http fetch GET 200 https://registry.npmjs.org/hasown 72ms (cache miss)
469 silly packumentCache full:https://registry.npmjs.org/hasown set size:undefined disposed:false
470 http fetch GET 200 https://registry.npmjs.org/get-proto 75ms (cache miss)
471 silly packumentCache full:https://registry.npmjs.org/get-proto set size:undefined disposed:false
472 http cache https://registry.npmjs.org/gopd 34ms (cache hit)
473 silly packumentCache full:https://registry.npmjs.org/gopd set size:11458 disposed:false
474 http fetch GET 200 https://registry.npmjs.org/math-intrinsics 44ms (cache miss)
475 silly packumentCache full:https://registry.npmjs.org/math-intrinsics set size:undefined disposed:false
476 http fetch GET 200 https://registry.npmjs.org/has-property-descriptors 36ms (cache miss)
477 silly packumentCache full:https://registry.npmjs.org/has-property-descriptors set size:undefined disposed:false
478 http fetch GET 200 https://registry.npmjs.org/define-data-property 47ms (cache miss)
479 silly packumentCache full:https://registry.npmjs.org/define-data-property set size:undefined disposed:false
480 silly placeDep ROOT es-errors@1.3.0 OK for: call-bind-apply-helpers@1.0.2 want: ^1.3.0
481 silly placeDep ROOT function-bind@1.1.2 OK for: call-bind-apply-helpers@1.0.2 want: ^1.1.2
482 silly placeDep ROOT ansi-styles@4.3.0 OK for: chalk@4.1.2 want: ^4.1.0
483 silly placeDep ROOT supports-color@7.2.0 OK for: chalk@4.1.2 want: ^7.1.0
484 silly fetch manifest color-convert@^2.0.1
485 silly packumentCache full:https://registry.npmjs.org/color-convert cache-miss
486 silly fetch manifest has-flag@^4.0.0
487 silly packumentCache full:https://registry.npmjs.org/has-flag cache-miss
488 http fetch GET 200 https://registry.npmjs.org/has-flag 41ms (cache miss)
489 silly packumentCache full:https://registry.npmjs.org/has-flag set size:undefined disposed:false
490 http fetch GET 200 https://registry.npmjs.org/color-convert 44ms (cache miss)
491 silly packumentCache full:https://registry.npmjs.org/color-convert set size:undefined disposed:false
492 silly placeDep ROOT color-convert@2.0.1 OK for: ansi-styles@4.3.0 want: ^2.0.1
493 silly fetch manifest color-name@~1.1.4
494 silly packumentCache full:https://registry.npmjs.org/color-name cache-miss
495 http fetch GET 200 https://registry.npmjs.org/color-name 34ms (cache miss)
496 silly packumentCache full:https://registry.npmjs.org/color-name set size:undefined disposed:false
497 silly placeDep ROOT @types/validator@13.15.10 OK for: class-validator@0.14.3 want: ^13.15.3
498 silly placeDep ROOT libphonenumber-js@1.12.36 OK for: class-validator@0.14.3 want: ^1.11.1
499 silly placeDep ROOT validator@13.15.26 OK for: class-validator@0.14.3 want: ^13.15.20
500 silly placeDep ROOT color-name@1.1.4 OK for: color-convert@2.0.1 want: ~1.1.4
501 silly placeDep ROOT ajv@8.17.1 OK for: conf@15.0.2 want: ^8.17.1
502 silly placeDep ROOT ajv-formats@3.0.1 OK for: conf@15.0.2 want: ^3.0.1
503 silly placeDep ROOT atomically@2.1.1 OK for: conf@15.0.2 want: ^2.0.3
504 silly placeDep ROOT debounce-fn@6.0.0 OK for: conf@15.0.2 want: ^6.0.0
505 silly placeDep ROOT dot-prop@10.1.0 OK for: conf@15.0.2 want: ^10.0.0
506 silly placeDep ROOT env-paths@3.0.0 OK for: conf@15.0.2 want: ^3.0.0
507 silly placeDep ROOT json-schema-typed@8.0.2 OK for: conf@15.0.2 want: ^8.0.1
508 silly placeDep ROOT semver@7.7.4 OK for: conf@15.0.2 want: ^7.7.2
509 silly placeDep ROOT uint8array-extras@1.5.0 OK for: conf@15.0.2 want: ^1.5.0
510 silly fetch manifest fast-uri@^3.0.1
511 silly packumentCache full:https://registry.npmjs.org/fast-uri cache-miss
512 silly fetch manifest require-from-string@^2.0.2
513 silly packumentCache full:https://registry.npmjs.org/require-from-string cache-miss
514 silly fetch manifest json-schema-traverse@^1.0.0
515 silly packumentCache full:https://registry.npmjs.org/json-schema-traverse cache-miss
516 silly fetch manifest stubborn-fs@^2.0.0
517 silly packumentCache full:https://registry.npmjs.org/stubborn-fs cache-miss
518 silly fetch manifest when-exit@^2.1.4
519 silly packumentCache full:https://registry.npmjs.org/when-exit cache-miss
520 silly fetch manifest mimic-function@^5.0.0
521 silly packumentCache full:https://registry.npmjs.org/mimic-function cache-miss
522 silly fetch manifest type-fest@^5.0.0
523 silly packumentCache full:https://registry.npmjs.org/type-fest cache-miss
524 http fetch GET 200 https://registry.npmjs.org/require-from-string 42ms (cache miss)
525 silly packumentCache full:https://registry.npmjs.org/require-from-string set size:undefined disposed:false
526 http fetch GET 200 https://registry.npmjs.org/json-schema-traverse 51ms (cache miss)
527 silly packumentCache full:https://registry.npmjs.org/json-schema-traverse set size:undefined disposed:false
528 http fetch GET 200 https://registry.npmjs.org/stubborn-fs 57ms (cache miss)
529 silly packumentCache full:https://registry.npmjs.org/stubborn-fs set size:undefined disposed:false
530 http fetch GET 200 https://registry.npmjs.org/when-exit 61ms (cache miss)
531 silly packumentCache full:https://registry.npmjs.org/when-exit set size:undefined disposed:false
532 http fetch GET 200 https://registry.npmjs.org/mimic-function 82ms (cache miss)
533 silly packumentCache full:https://registry.npmjs.org/mimic-function set size:undefined disposed:false
534 http fetch GET 200 https://registry.npmjs.org/fast-uri 91ms (cache miss)
535 silly packumentCache full:https://registry.npmjs.org/fast-uri set size:undefined disposed:false
536 http fetch GET 200 https://registry.npmjs.org/type-fest 106ms (cache miss)
537 silly packumentCache full:https://registry.npmjs.org/type-fest set size:undefined disposed:false
538 silly placeDep ROOT fast-uri@3.1.0 OK for: ajv@8.17.1 want: ^3.0.1
539 silly placeDep ROOT json-schema-traverse@1.0.0 OK for: ajv@8.17.1 want: ^1.0.0
540 silly placeDep ROOT require-from-string@2.0.2 OK for: ajv@8.17.1 want: ^2.0.2
541 silly placeDep ROOT stubborn-fs@2.0.0 OK for: atomically@2.1.1 want: ^2.0.0
542 silly placeDep ROOT when-exit@2.1.5 OK for: atomically@2.1.1 want: ^2.1.4
543 silly fetch manifest stubborn-utils@^1.0.1
544 silly packumentCache full:https://registry.npmjs.org/stubborn-utils cache-miss
545 http fetch GET 200 https://registry.npmjs.org/stubborn-utils 34ms (cache miss)
546 silly packumentCache full:https://registry.npmjs.org/stubborn-utils set size:undefined disposed:false
547 silly placeDep ROOT mimic-function@5.0.1 OK for: debounce-fn@6.0.0 want: ^5.0.0
548 silly placeDep ROOT type-fest@5.4.4 OK for: dot-prop@10.1.0 want: ^5.0.0
549 silly fetch manifest tagged-tag@^1.0.0
550 silly packumentCache full:https://registry.npmjs.org/tagged-tag cache-miss
551 http fetch GET 200 https://registry.npmjs.org/tagged-tag 48ms (cache miss)
552 silly packumentCache full:https://registry.npmjs.org/tagged-tag set size:undefined disposed:false
553 silly placeDep ROOT esrecurse@4.3.0 OK for: eslint-scope@8.4.0 want: ^4.3.0
554 silly placeDep ROOT estraverse@5.3.0 OK for: eslint-scope@8.4.0 want: ^5.2.0
555 silly placeDep ROOT es-object-atoms@1.1.1 OK for: get-intrinsic@1.3.0 want: ^1.1.1
556 silly placeDep ROOT get-proto@1.0.1 OK for: get-intrinsic@1.3.0 want: ^1.0.1
557 silly placeDep ROOT gopd@1.2.0 OK for: get-intrinsic@1.3.0 want: ^1.2.0
558 silly placeDep ROOT has-symbols@1.1.0 OK for: get-intrinsic@1.3.0 want: ^1.1.0
559 silly placeDep ROOT hasown@2.0.2 OK for: get-intrinsic@1.3.0 want: ^2.0.2
560 silly placeDep ROOT math-intrinsics@1.1.0 OK for: get-intrinsic@1.3.0 want: ^1.1.0
561 silly fetch manifest dunder-proto@^1.0.1
562 silly packumentCache full:https://registry.npmjs.org/dunder-proto cache-miss
563 http fetch GET 200 https://registry.npmjs.org/dunder-proto 43ms (cache miss)
564 silly packumentCache full:https://registry.npmjs.org/dunder-proto set size:undefined disposed:false
565 silly placeDep ROOT dunder-proto@1.0.1 OK for: get-proto@1.0.1 want: ^1.0.1
566 silly placeDep ROOT @inversifyjs/common@1.3.3 OK for: inversify@6.1.4 want: 1.3.3
567 silly placeDep ROOT @inversifyjs/core@1.3.4 OK for: inversify@6.1.4 want: 1.3.4
568 silly fetch manifest @inversifyjs/reflect-metadata-utils@0.2.3
569 silly packumentCache full:https://registry.npmjs.org/@inversifyjs%2freflect-metadata-utils cache-miss
570 http fetch GET 200 https://registry.npmjs.org/@inversifyjs%2freflect-metadata-utils 43ms (cache miss)
571 silly packumentCache full:https://registry.npmjs.org/@inversifyjs%2freflect-metadata-utils set size:undefined disposed:false
572 silly placeDep ROOT @inversifyjs/reflect-metadata-utils@0.2.3 OK for: @inversifyjs/core@1.3.4 want: 0.2.3
573 silly placeDep ROOT define-properties@1.2.1 OK for: is-nan@1.3.2 want: ^1.1.3
574 silly fetch manifest define-data-property@^1.0.1
575 silly packumentCache full:https://registry.npmjs.org/define-data-property cache-miss
576 silly fetch manifest has-property-descriptors@^1.0.0
577 silly packumentCache full:https://registry.npmjs.org/has-property-descriptors cache-miss
578 http cache https://registry.npmjs.org/has-property-descriptors 8ms (cache hit)
579 silly packumentCache full:https://registry.npmjs.org/has-property-descriptors set size:12452 disposed:false
580 http cache https://registry.npmjs.org/define-data-property 9ms (cache hit)
581 silly packumentCache full:https://registry.npmjs.org/define-data-property set size:28048 disposed:false
582 silly placeDep ROOT define-data-property@1.1.4 OK for: define-properties@1.2.1 want: ^1.0.1
583 silly placeDep ROOT has-property-descriptors@1.0.2 OK for: define-properties@1.2.1 want: ^1.0.0
584 silly placeDep ROOT object-keys@1.1.1 OK for: define-properties@1.2.1 want: ^1.1.1
585 silly placeDep ROOT charenc@0.0.2 OK for: md5@2.3.0 want: 0.0.2
586 silly placeDep ROOT crypt@0.0.2 OK for: md5@2.3.0 want: 0.0.2
587 silly placeDep node_modules/md5 is-buffer@1.1.6 OK for: md5@2.3.0 want: ~1.1.6
588 silly placeDep ROOT @types/minimatch@3.0.5 OK for: multimatch@5.0.0 want: ^3.0.3
589 silly placeDep ROOT array-differ@3.0.0 OK for: multimatch@5.0.0 want: ^3.0.0
590 silly placeDep ROOT array-union@2.1.0 OK for: multimatch@5.0.0 want: ^2.1.0
591 silly placeDep ROOT arrify@2.0.1 OK for: multimatch@5.0.0 want: ^2.0.1
592 silly placeDep ROOT minimatch@3.1.2 OK for: multimatch@5.0.0 want: ^3.0.4
593 silly fetch manifest brace-expansion@^1.1.7
594 silly packumentCache full:https://registry.npmjs.org/brace-expansion cache-miss
595 http fetch GET 200 https://registry.npmjs.org/brace-expansion 28ms (cache miss)
596 silly packumentCache full:https://registry.npmjs.org/brace-expansion set size:undefined disposed:false
597 silly placeDep ROOT brace-expansion@1.1.12 OK for: minimatch@3.1.2 want: ^1.1.7
598 silly fetch manifest balanced-match@^1.0.0
599 silly packumentCache full:https://registry.npmjs.org/balanced-match cache-miss
600 silly fetch manifest concat-map@0.0.1
601 silly packumentCache full:https://registry.npmjs.org/concat-map cache-miss
602 http fetch GET 200 https://registry.npmjs.org/balanced-match 43ms (cache miss)
603 silly packumentCache full:https://registry.npmjs.org/balanced-match set size:undefined disposed:false
604 http fetch GET 200 https://registry.npmjs.org/concat-map 46ms (cache miss)
605 silly packumentCache full:https://registry.npmjs.org/concat-map set size:undefined disposed:false
606 silly placeDep ROOT balanced-match@1.0.2 OK for: brace-expansion@1.1.12 want: ^1.0.0
607 silly placeDep ROOT concat-map@0.0.1 OK for: brace-expansion@1.1.12 want: 0.0.1
608 silly placeDep ROOT call-bound@1.0.4 OK for: object.assign@4.1.7 want: ^1.0.3
609 silly placeDep ROOT deep-is@0.1.4 OK for: optionator@0.8.3 want: ~0.1.3
610 silly placeDep ROOT fast-levenshtein@2.0.6 OK for: optionator@0.8.3 want: ~2.0.6
611 silly placeDep ROOT levn@0.3.0 OK for: optionator@0.8.3 want: ~0.3.0
612 silly placeDep ROOT prelude-ls@1.1.2 OK for: optionator@0.8.3 want: ~1.1.2
613 silly placeDep ROOT type-check@0.3.2 OK for: optionator@0.8.3 want: ~0.3.2
614 silly placeDep ROOT word-wrap@1.2.5 OK for: optionator@0.8.3 want: ~1.2.3
615 silly placeDep ROOT buffer-from@1.1.2 OK for: source-map-support@0.5.21 want: ^1.0.0
616 silly placeDep ROOT char-regex@1.0.2 OK for: stringz@2.1.0 want: ^1.0.2
617 silly placeDep ROOT stubborn-utils@1.0.2 OK for: stubborn-fs@2.0.0 want: ^1.0.1
618 silly placeDep ROOT has-flag@4.0.0 OK for: supports-color@7.2.0 want: ^4.0.0
619 silly placeDep ROOT tagged-tag@1.0.0 OK for: type-fest@5.4.4 want: ^1.0.0
620 silly placeDep ROOT inherits@2.0.4 OK for: util@0.12.5 want: ^2.0.3
621 silly placeDep ROOT is-arguments@1.2.0 OK for: util@0.12.5 want: ^1.0.4
622 silly placeDep ROOT is-generator-function@1.1.2 OK for: util@0.12.5 want: ^1.0.7
623 silly placeDep ROOT is-typed-array@1.1.15 OK for: util@0.12.5 want: ^1.1.3
624 silly placeDep ROOT which-typed-array@1.1.20 OK for: util@0.12.5 want: ^1.1.2
625 silly fetch manifest has-tostringtag@^1.0.2
626 silly packumentCache full:https://registry.npmjs.org/has-tostringtag cache-miss
627 silly fetch manifest generator-function@^2.0.0
628 silly packumentCache full:https://registry.npmjs.org/generator-function cache-miss
629 silly fetch manifest has-tostringtag@^1.0.2
630 silly packumentCache full:https://registry.npmjs.org/has-tostringtag cache-miss
631 silly fetch manifest safe-regex-test@^1.1.0
632 silly packumentCache full:https://registry.npmjs.org/safe-regex-test cache-miss
633 silly fetch manifest which-typed-array@^1.1.16
634 silly packumentCache full:https://registry.npmjs.org/which-typed-array cache-miss
635 silly fetch manifest available-typed-arrays@^1.0.7
636 silly packumentCache full:https://registry.npmjs.org/available-typed-arrays cache-miss
637 silly fetch manifest for-each@^0.3.5
638 silly packumentCache full:https://registry.npmjs.org/for-each cache-miss
639 http cache https://registry.npmjs.org/which-typed-array 18ms (cache hit)
640 silly packumentCache full:https://registry.npmjs.org/which-typed-array set size:93605 disposed:false
641 silly fetch manifest has-tostringtag@^1.0.2
642 silly packumentCache full:https://registry.npmjs.org/has-tostringtag cache-miss
643 http fetch GET 200 https://registry.npmjs.org/generator-function 30ms (cache miss)
644 silly packumentCache full:https://registry.npmjs.org/generator-function set size:undefined disposed:false
645 http fetch GET 200 https://registry.npmjs.org/for-each 36ms (cache miss)
646 silly packumentCache full:https://registry.npmjs.org/for-each set size:undefined disposed:false
647 http fetch GET 200 https://registry.npmjs.org/has-tostringtag 44ms (cache miss)
648 silly packumentCache full:https://registry.npmjs.org/has-tostringtag set size:undefined disposed:false
649 http fetch GET 200 https://registry.npmjs.org/has-tostringtag 44ms (cache miss)
650 silly packumentCache full:https://registry.npmjs.org/has-tostringtag set size:undefined disposed:false
651 http fetch GET 200 https://registry.npmjs.org/safe-regex-test 46ms (cache miss)
652 silly packumentCache full:https://registry.npmjs.org/safe-regex-test set size:undefined disposed:false
653 http fetch GET 200 https://registry.npmjs.org/available-typed-arrays 47ms (cache miss)
654 silly packumentCache full:https://registry.npmjs.org/available-typed-arrays set size:undefined disposed:false
655 http fetch GET 200 https://registry.npmjs.org/has-tostringtag 35ms (cache miss)
656 silly packumentCache full:https://registry.npmjs.org/has-tostringtag set size:undefined disposed:false
657 silly placeDep ROOT has-tostringtag@1.0.2 OK for: is-arguments@1.2.0 want: ^1.0.2
658 silly placeDep ROOT generator-function@2.0.1 OK for: is-generator-function@1.1.2 want: ^2.0.0
659 silly placeDep ROOT safe-regex-test@1.1.0 OK for: is-generator-function@1.1.2 want: ^1.1.0
660 silly fetch manifest is-regex@^1.2.1
661 silly packumentCache full:https://registry.npmjs.org/is-regex cache-miss
662 http fetch GET 200 https://registry.npmjs.org/is-regex 29ms (cache miss)
663 silly packumentCache full:https://registry.npmjs.org/is-regex set size:undefined disposed:false
664 silly placeDep ROOT is-regex@1.2.1 OK for: safe-regex-test@1.1.0 want: ^1.2.1
665 silly placeDep ROOT available-typed-arrays@1.0.7 OK for: which-typed-array@1.1.20 want: ^1.0.7
666 silly placeDep ROOT for-each@0.3.5 OK for: which-typed-array@1.1.20 want: ^0.3.5
667 silly fetch manifest possible-typed-array-names@^1.0.0
668 silly packumentCache full:https://registry.npmjs.org/possible-typed-array-names cache-miss
669 silly fetch manifest is-callable@^1.2.7
670 silly packumentCache full:https://registry.npmjs.org/is-callable cache-miss
671 http fetch GET 200 https://registry.npmjs.org/possible-typed-array-names 29ms (cache miss)
672 silly packumentCache full:https://registry.npmjs.org/possible-typed-array-names set size:undefined disposed:false
673 http fetch GET 200 https://registry.npmjs.org/is-callable 32ms (cache miss)
674 silly packumentCache full:https://registry.npmjs.org/is-callable set size:undefined disposed:false
675 silly placeDep ROOT possible-typed-array-names@1.1.0 OK for: available-typed-arrays@1.0.7 want: ^1.0.0
676 silly placeDep ROOT is-callable@1.2.7 OK for: for-each@0.3.5 want: ^1.2.7
677 silly reify moves {}
678 http cache is-callable@https://registry.npmjs.org/is-callable/-/is-callable-1.2.7.tgz 0ms (cache hit)
679 http cache possible-typed-array-names@https://registry.npmjs.org/possible-typed-array-names/-/possible-typed-array-names-1.1.0.tgz 0ms (cache hit)
680 http cache available-typed-arrays@https://registry.npmjs.org/available-typed-arrays/-/available-typed-arrays-1.0.7.tgz 0ms (cache hit)
681 http cache for-each@https://registry.npmjs.org/for-each/-/for-each-0.3.5.tgz 0ms (cache hit)
682 http cache is-regex@https://registry.npmjs.org/is-regex/-/is-regex-1.2.1.tgz 0ms (cache hit)
683 http cache safe-regex-test@https://registry.npmjs.org/safe-regex-test/-/safe-regex-test-1.1.0.tgz 0ms (cache hit)
684 http cache has-tostringtag@https://registry.npmjs.org/has-tostringtag/-/has-tostringtag-1.0.2.tgz 0ms (cache hit)
685 http cache generator-function@https://registry.npmjs.org/generator-function/-/generator-function-2.0.1.tgz 0ms (cache hit)
686 http cache which-typed-array@https://registry.npmjs.org/which-typed-array/-/which-typed-array-1.1.20.tgz 0ms (cache hit)
687 http cache is-typed-array@https://registry.npmjs.org/is-typed-array/-/is-typed-array-1.1.15.tgz 0ms (cache hit)
688 http cache is-arguments@https://registry.npmjs.org/is-arguments/-/is-arguments-1.2.0.tgz 0ms (cache hit)
689 http cache is-generator-function@https://registry.npmjs.org/is-generator-function/-/is-generator-function-1.1.2.tgz 0ms (cache hit)
690 http cache inherits@https://registry.npmjs.org/inherits/-/inherits-2.0.4.tgz 0ms (cache hit)
691 http cache tagged-tag@https://registry.npmjs.org/tagged-tag/-/tagged-tag-1.0.0.tgz 0ms (cache hit)
692 http cache has-flag@https://registry.npmjs.org/has-flag/-/has-flag-4.0.0.tgz 0ms (cache hit)
693 http cache stubborn-utils@https://registry.npmjs.org/stubborn-utils/-/stubborn-utils-1.0.2.tgz 0ms (cache hit)
694 http cache char-regex@https://registry.npmjs.org/char-regex/-/char-regex-1.0.2.tgz 0ms (cache hit)
695 http cache buffer-from@https://registry.npmjs.org/buffer-from/-/buffer-from-1.1.2.tgz 0ms (cache hit)
696 http cache word-wrap@https://registry.npmjs.org/word-wrap/-/word-wrap-1.2.5.tgz 1ms (cache hit)
697 http cache levn@https://registry.npmjs.org/levn/-/levn-0.3.0.tgz 0ms (cache hit)
698 http cache type-check@https://registry.npmjs.org/type-check/-/type-check-0.3.2.tgz 0ms (cache hit)
699 http cache prelude-ls@https://registry.npmjs.org/prelude-ls/-/prelude-ls-1.1.2.tgz 0ms (cache hit)
700 http cache concat-map@https://registry.npmjs.org/concat-map/-/concat-map-0.0.1.tgz 0ms (cache hit)
701 http cache deep-is@https://registry.npmjs.org/deep-is/-/deep-is-0.1.4.tgz 0ms (cache hit)
702 http cache fast-levenshtein@https://registry.npmjs.org/fast-levenshtein/-/fast-levenshtein-2.0.6.tgz 0ms (cache hit)
703 http cache call-bound@https://registry.npmjs.org/call-bound/-/call-bound-1.0.4.tgz 0ms (cache hit)
704 http cache balanced-match@https://registry.npmjs.org/balanced-match/-/balanced-match-1.0.2.tgz 0ms (cache hit)
705 http cache array-union@https://registry.npmjs.org/array-union/-/array-union-2.1.0.tgz 0ms (cache hit)
706 http cache brace-expansion@https://registry.npmjs.org/brace-expansion/-/brace-expansion-1.1.12.tgz 0ms (cache hit)
707 http cache arrify@https://registry.npmjs.org/arrify/-/arrify-2.0.1.tgz 0ms (cache hit)
708 http cache minimatch@https://registry.npmjs.org/minimatch/-/minimatch-3.1.2.tgz 0ms (cache hit)
709 http cache @types/minimatch@https://registry.npmjs.org/@types/minimatch/-/minimatch-3.0.5.tgz 0ms (cache hit)
710 http cache crypt@https://registry.npmjs.org/crypt/-/crypt-0.0.2.tgz 0ms (cache hit)
711 http cache array-differ@https://registry.npmjs.org/array-differ/-/array-differ-3.0.0.tgz 0ms (cache hit)
712 http cache charenc@https://registry.npmjs.org/charenc/-/charenc-0.0.2.tgz 0ms (cache hit)
713 http cache object-keys@https://registry.npmjs.org/object-keys/-/object-keys-1.1.1.tgz 0ms (cache hit)
714 http cache has-property-descriptors@https://registry.npmjs.org/has-property-descriptors/-/has-property-descriptors-1.0.2.tgz 0ms (cache hit)
715 http cache define-properties@https://registry.npmjs.org/define-properties/-/define-properties-1.2.1.tgz 0ms (cache hit)
716 http cache define-data-property@https://registry.npmjs.org/define-data-property/-/define-data-property-1.1.4.tgz 0ms (cache hit)
717 http cache @inversifyjs/core@https://registry.npmjs.org/@inversifyjs/core/-/core-1.3.4.tgz 0ms (cache hit)
718 http cache math-intrinsics@https://registry.npmjs.org/math-intrinsics/-/math-intrinsics-1.1.0.tgz 1ms (cache hit)
719 http cache @inversifyjs/common@https://registry.npmjs.org/@inversifyjs/common/-/common-1.3.3.tgz 0ms (cache hit)
720 http cache dunder-proto@https://registry.npmjs.org/dunder-proto/-/dunder-proto-1.0.1.tgz 0ms (cache hit)
721 http cache hasown@https://registry.npmjs.org/hasown/-/hasown-2.0.2.tgz 0ms (cache hit)
722 http cache has-symbols@https://registry.npmjs.org/has-symbols/-/has-symbols-1.1.0.tgz 0ms (cache hit)
723 http cache gopd@https://registry.npmjs.org/gopd/-/gopd-1.2.0.tgz 0ms (cache hit)
724 http cache es-object-atoms@https://registry.npmjs.org/es-object-atoms/-/es-object-atoms-1.1.1.tgz 0ms (cache hit)
725 http cache get-proto@https://registry.npmjs.org/get-proto/-/get-proto-1.0.1.tgz 0ms (cache hit)
726 http cache @inversifyjs/reflect-metadata-utils@https://registry.npmjs.org/@inversifyjs/reflect-metadata-utils/-/reflect-metadata-utils-0.2.3.tgz 0ms (cache hit)
727 http cache estraverse@https://registry.npmjs.org/estraverse/-/estraverse-5.3.0.tgz 0ms (cache hit)
728 http cache esrecurse@https://registry.npmjs.org/esrecurse/-/esrecurse-4.3.0.tgz 0ms (cache hit)
729 http cache type-fest@https://registry.npmjs.org/type-fest/-/type-fest-5.4.4.tgz 0ms (cache hit)
730 http cache mimic-function@https://registry.npmjs.org/mimic-function/-/mimic-function-5.0.1.tgz 0ms (cache hit)
731 http cache when-exit@https://registry.npmjs.org/when-exit/-/when-exit-2.1.5.tgz 0ms (cache hit)
732 http cache require-from-string@https://registry.npmjs.org/require-from-string/-/require-from-string-2.0.2.tgz 0ms (cache hit)
733 http cache json-schema-traverse@https://registry.npmjs.org/json-schema-traverse/-/json-schema-traverse-1.0.0.tgz 0ms (cache hit)
734 http cache stubborn-fs@https://registry.npmjs.org/stubborn-fs/-/stubborn-fs-2.0.0.tgz 0ms (cache hit)
735 http cache uint8array-extras@https://registry.npmjs.org/uint8array-extras/-/uint8array-extras-1.5.0.tgz 0ms (cache hit)
736 http cache semver@https://registry.npmjs.org/semver/-/semver-7.7.4.tgz 0ms (cache hit)
737 http cache fast-uri@https://registry.npmjs.org/fast-uri/-/fast-uri-3.1.0.tgz 0ms (cache hit)
738 http cache json-schema-typed@https://registry.npmjs.org/json-schema-typed/-/json-schema-typed-8.0.2.tgz 0ms (cache hit)
739 http cache env-paths@https://registry.npmjs.org/env-paths/-/env-paths-3.0.0.tgz 0ms (cache hit)
740 http cache atomically@https://registry.npmjs.org/atomically/-/atomically-2.1.1.tgz 0ms (cache hit)
741 http cache dot-prop@https://registry.npmjs.org/dot-prop/-/dot-prop-10.1.0.tgz 0ms (cache hit)
742 http cache ajv-formats@https://registry.npmjs.org/ajv-formats/-/ajv-formats-3.0.1.tgz 0ms (cache hit)
743 http cache @types/validator@https://registry.npmjs.org/@types/validator/-/validator-13.15.10.tgz 0ms (cache hit)
744 http cache color-name@https://registry.npmjs.org/color-name/-/color-name-1.1.4.tgz 0ms (cache hit)
745 http cache ajv@https://registry.npmjs.org/ajv/-/ajv-8.17.1.tgz 0ms (cache hit)
746 http cache debounce-fn@https://registry.npmjs.org/debounce-fn/-/debounce-fn-6.0.0.tgz 0ms (cache hit)
747 http cache validator@https://registry.npmjs.org/validator/-/validator-13.15.26.tgz 0ms (cache hit)
748 http cache libphonenumber-js@https://registry.npmjs.org/libphonenumber-js/-/libphonenumber-js-1.12.36.tgz 0ms (cache hit)
749 http cache color-convert@https://registry.npmjs.org/color-convert/-/color-convert-2.0.1.tgz 0ms (cache hit)
750 http cache supports-color@https://registry.npmjs.org/supports-color/-/supports-color-7.2.0.tgz 0ms (cache hit)
751 http cache ansi-styles@https://registry.npmjs.org/ansi-styles/-/ansi-styles-4.3.0.tgz 0ms (cache hit)
752 http cache function-bind@https://registry.npmjs.org/function-bind/-/function-bind-1.1.2.tgz 0ms (cache hit)
753 http cache es-errors@https://registry.npmjs.org/es-errors/-/es-errors-1.3.0.tgz 0ms (cache hit)
754 http cache set-function-length@https://registry.npmjs.org/set-function-length/-/set-function-length-1.2.2.tgz 0ms (cache hit)
755 http cache es-define-property@https://registry.npmjs.org/es-define-property/-/es-define-property-1.0.1.tgz 0ms (cache hit)
756 http cache retry@https://registry.npmjs.org/retry/-/retry-0.13.1.tgz 0ms (cache hit)
757 http cache call-bind-apply-helpers@https://registry.npmjs.org/call-bind-apply-helpers/-/call-bind-apply-helpers-1.0.2.tgz 0ms (cache hit)
758 http cache object.assign@https://registry.npmjs.org/object.assign/-/object.assign-4.1.7.tgz 0ms (cache hit)
759 http cache util@https://registry.npmjs.org/util/-/util-0.12.5.tgz 0ms (cache hit)
760 http cache get-intrinsic@https://registry.npmjs.org/get-intrinsic/-/get-intrinsic-1.3.0.tgz 0ms (cache hit)
761 http cache is-nan@https://registry.npmjs.org/is-nan/-/is-nan-1.3.2.tgz 0ms (cache hit)
762 http cache object-is@https://registry.npmjs.org/object-is/-/object-is-1.1.6.tgz 0ms (cache hit)
763 http cache is-node-process@https://registry.npmjs.org/is-node-process/-/is-node-process-1.2.0.tgz 0ms (cache hit)
764 http cache throttleit@https://registry.npmjs.org/throttleit/-/throttleit-2.1.0.tgz 0ms (cache hit)
765 http cache undici@https://registry.npmjs.org/undici/-/undici-6.23.0.tgz 0ms (cache hit)
766 http cache is-buffer@https://registry.npmjs.org/is-buffer/-/is-buffer-2.0.5.tgz 0ms (cache hit)
767 http cache async-retry@https://registry.npmjs.org/async-retry/-/async-retry-1.3.3.tgz 0ms (cache hit)
768 http cache source-map@https://registry.npmjs.org/source-map/-/source-map-0.6.1.tgz 0ms (cache hit)
769 http cache optionator@https://registry.npmjs.org/optionator/-/optionator-0.8.3.tgz 1ms (cache hit)
770 http cache call-bind@https://registry.npmjs.org/call-bind/-/call-bind-1.0.8.tgz 0ms (cache hit)
771 http cache esutils@https://registry.npmjs.org/esutils/-/esutils-2.0.3.tgz 0ms (cache hit)
772 http cache tslib@https://registry.npmjs.org/tslib/-/tslib-2.8.1.tgz 0ms (cache hit)
773 http cache string-template@https://registry.npmjs.org/string-template/-/string-template-1.0.0.tgz 0ms (cache hit)
774 http cache stringz@https://registry.npmjs.org/stringz/-/stringz-2.1.0.tgz 0ms (cache hit)
775 http cache reflect-metadata@https://registry.npmjs.org/reflect-metadata/-/reflect-metadata-0.2.2.tgz 0ms (cache hit)
776 http cache source-map-support@https://registry.npmjs.org/source-map-support/-/source-map-support-0.5.21.tgz 0ms (cache hit)
777 http cache process@https://registry.npmjs.org/process/-/process-0.11.10.tgz 0ms (cache hit)
778 http cache multimatch@https://registry.npmjs.org/multimatch/-/multimatch-5.0.0.tgz 0ms (cache hit)
779 http cache esprima@https://registry.npmjs.org/esprima/-/esprima-4.0.1.tgz 0ms (cache hit)
780 http cache mkdirp@https://registry.npmjs.org/mkdirp/-/mkdirp-3.0.1.tgz 0ms (cache hit)
781 http cache md5@https://registry.npmjs.org/md5/-/md5-2.3.0.tgz 0ms (cache hit)
782 http cache js-string-escape@https://registry.npmjs.org/js-string-escape/-/js-string-escape-1.0.1.tgz 0ms (cache hit)
783 http cache fast-deep-equal@https://registry.npmjs.org/fast-deep-equal/-/fast-deep-equal-3.1.3.tgz 0ms (cache hit)
784 http cache inversify@https://registry.npmjs.org/inversify/-/inversify-6.1.4.tgz 0ms (cache hit)
785 http cache eslint-visitor-keys@https://registry.npmjs.org/eslint-visitor-keys/-/eslint-visitor-keys-4.2.1.tgz 0ms (cache hit)
786 http cache commander@https://registry.npmjs.org/commander/-/commander-12.1.0.tgz 0ms (cache hit)
787 http cache eslint-scope@https://registry.npmjs.org/eslint-scope/-/eslint-scope-8.4.0.tgz 0ms (cache hit)
788 http cache conf@https://registry.npmjs.org/conf/-/conf-15.0.2.tgz 0ms (cache hit)
789 http cache class-validator@https://registry.npmjs.org/class-validator/-/class-validator-0.14.3.tgz 0ms (cache hit)
790 http cache chalk@https://registry.npmjs.org/chalk/-/chalk-4.1.2.tgz 0ms (cache hit)
791 http cache assert@https://registry.npmjs.org/assert/-/assert-2.1.0.tgz 0ms (cache hit)
792 http cache chance@https://registry.npmjs.org/chance/-/chance-1.1.13.tgz 0ms (cache hit)
793 http cache @vercel/blob@https://registry.npmjs.org/@vercel/blob/-/blob-2.2.0.tgz 0ms (cache hit)
794 http cache acorn@https://registry.npmjs.org/acorn/-/acorn-8.15.0.tgz 0ms (cache hit)
795 http cache @javascript-obfuscator/estraverse@https://registry.npmjs.org/@javascript-obfuscator/estraverse/-/estraverse-5.4.0.tgz 0ms (cache hit)
796 http cache @javascript-obfuscator/escodegen@https://registry.npmjs.org/@javascript-obfuscator/escodegen/-/escodegen-2.3.1.tgz 0ms (cache hit)
797 http cache javascript-obfuscator@https://registry.npmjs.org/javascript-obfuscator/-/javascript-obfuscator-5.3.0.tgz 0ms (cache hit)
798 silly tarball no local data for is-arguments@https://registry.npmjs.org/is-arguments/-/is-arguments-1.2.0.tgz. Extracting by manifest.
799 silly tarball no local data for tagged-tag@https://registry.npmjs.org/tagged-tag/-/tagged-tag-1.0.0.tgz. Extracting by manifest.
800 http cache is-buffer@https://registry.npmjs.org/is-buffer/-/is-buffer-1.1.6.tgz 0ms (cache hit)
801 silly tarball no local data for stubborn-utils@https://registry.npmjs.org/stubborn-utils/-/stubborn-utils-1.0.2.tgz. Extracting by manifest.
802 silly tarball no local data for levn@https://registry.npmjs.org/levn/-/levn-0.3.0.tgz. Extracting by manifest.
803 silly tarball no local data for type-check@https://registry.npmjs.org/type-check/-/type-check-0.3.2.tgz. Extracting by manifest.
804 silly tarball no local data for prelude-ls@https://registry.npmjs.org/prelude-ls/-/prelude-ls-1.1.2.tgz. Extracting by manifest.
805 silly tarball no local data for arrify@https://registry.npmjs.org/arrify/-/arrify-2.0.1.tgz. Extracting by manifest.
806 silly tarball no local data for @types/minimatch@https://registry.npmjs.org/@types/minimatch/-/minimatch-3.0.5.tgz. Extracting by manifest.
807 silly tarball no local data for crypt@https://registry.npmjs.org/crypt/-/crypt-0.0.2.tgz. Extracting by manifest.
808 silly tarball no local data for array-differ@https://registry.npmjs.org/array-differ/-/array-differ-3.0.0.tgz. Extracting by manifest.
809 silly tarball no local data for charenc@https://registry.npmjs.org/charenc/-/charenc-0.0.2.tgz. Extracting by manifest.
810 silly tarball no local data for @inversifyjs/core@https://registry.npmjs.org/@inversifyjs/core/-/core-1.3.4.tgz. Extracting by manifest.
811 silly tarball no local data for @inversifyjs/common@https://registry.npmjs.org/@inversifyjs/common/-/common-1.3.3.tgz. Extracting by manifest.
812 silly tarball no local data for @inversifyjs/reflect-metadata-utils@https://registry.npmjs.org/@inversifyjs/reflect-metadata-utils/-/reflect-metadata-utils-0.2.3.tgz. Extracting by manifest.
813 silly tarball no local data for type-fest@https://registry.npmjs.org/type-fest/-/type-fest-5.4.4.tgz. Extracting by manifest.
814 silly tarball no local data for mimic-function@https://registry.npmjs.org/mimic-function/-/mimic-function-5.0.1.tgz. Extracting by manifest.
815 silly tarball no local data for when-exit@https://registry.npmjs.org/when-exit/-/when-exit-2.1.5.tgz. Extracting by manifest.
816 silly tarball no local data for stubborn-fs@https://registry.npmjs.org/stubborn-fs/-/stubborn-fs-2.0.0.tgz. Extracting by manifest.
817 silly tarball no local data for uint8array-extras@https://registry.npmjs.org/uint8array-extras/-/uint8array-extras-1.5.0.tgz. Extracting by manifest.
818 silly tarball no local data for json-schema-typed@https://registry.npmjs.org/json-schema-typed/-/json-schema-typed-8.0.2.tgz. Extracting by manifest.
819 silly tarball no local data for env-paths@https://registry.npmjs.org/env-paths/-/env-paths-3.0.0.tgz. Extracting by manifest.
820 silly tarball no local data for atomically@https://registry.npmjs.org/atomically/-/atomically-2.1.1.tgz. Extracting by manifest.
821 silly tarball no local data for dot-prop@https://registry.npmjs.org/dot-prop/-/dot-prop-10.1.0.tgz. Extracting by manifest.
822 silly tarball no local data for ajv-formats@https://registry.npmjs.org/ajv-formats/-/ajv-formats-3.0.1.tgz. Extracting by manifest.
823 silly tarball no local data for @types/validator@https://registry.npmjs.org/@types/validator/-/validator-13.15.10.tgz. Extracting by manifest.
824 silly tarball no local data for debounce-fn@https://registry.npmjs.org/debounce-fn/-/debounce-fn-6.0.0.tgz. Extracting by manifest.
825 silly tarball no local data for validator@https://registry.npmjs.org/validator/-/validator-13.15.26.tgz. Extracting by manifest.
826 silly tarball no local data for libphonenumber-js@https://registry.npmjs.org/libphonenumber-js/-/libphonenumber-js-1.12.36.tgz. Extracting by manifest.
827 silly tarball no local data for util@https://registry.npmjs.org/util/-/util-0.12.5.tgz. Extracting by manifest.
828 silly tarball no local data for is-nan@https://registry.npmjs.org/is-nan/-/is-nan-1.3.2.tgz. Extracting by manifest.
829 silly tarball no local data for object-is@https://registry.npmjs.org/object-is/-/object-is-1.1.6.tgz. Extracting by manifest.
830 silly tarball no local data for is-node-process@https://registry.npmjs.org/is-node-process/-/is-node-process-1.2.0.tgz. Extracting by manifest.
831 silly tarball no local data for throttleit@https://registry.npmjs.org/throttleit/-/throttleit-2.1.0.tgz. Extracting by manifest.
832 silly tarball no local data for undici@https://registry.npmjs.org/undici/-/undici-6.23.0.tgz. Extracting by manifest.
833 silly tarball no local data for is-buffer@https://registry.npmjs.org/is-buffer/-/is-buffer-2.0.5.tgz. Extracting by manifest.
834 silly tarball no local data for async-retry@https://registry.npmjs.org/async-retry/-/async-retry-1.3.3.tgz. Extracting by manifest.
835 silly tarball no local data for optionator@https://registry.npmjs.org/optionator/-/optionator-0.8.3.tgz. Extracting by manifest.
836 silly tarball no local data for string-template@https://registry.npmjs.org/string-template/-/string-template-1.0.0.tgz. Extracting by manifest.
837 silly tarball no local data for stringz@https://registry.npmjs.org/stringz/-/stringz-2.1.0.tgz. Extracting by manifest.
838 silly tarball no local data for reflect-metadata@https://registry.npmjs.org/reflect-metadata/-/reflect-metadata-0.2.2.tgz. Extracting by manifest.
839 silly tarball no local data for process@https://registry.npmjs.org/process/-/process-0.11.10.tgz. Extracting by manifest.
840 silly tarball no local data for multimatch@https://registry.npmjs.org/multimatch/-/multimatch-5.0.0.tgz. Extracting by manifest.
841 silly tarball no local data for mkdirp@https://registry.npmjs.org/mkdirp/-/mkdirp-3.0.1.tgz. Extracting by manifest.
842 silly tarball no local data for md5@https://registry.npmjs.org/md5/-/md5-2.3.0.tgz. Extracting by manifest.
843 silly tarball no local data for js-string-escape@https://registry.npmjs.org/js-string-escape/-/js-string-escape-1.0.1.tgz. Extracting by manifest.
844 silly tarball no local data for inversify@https://registry.npmjs.org/inversify/-/inversify-6.1.4.tgz. Extracting by manifest.
845 silly tarball no local data for eslint-visitor-keys@https://registry.npmjs.org/eslint-visitor-keys/-/eslint-visitor-keys-4.2.1.tgz. Extracting by manifest.
846 silly tarball no local data for commander@https://registry.npmjs.org/commander/-/commander-12.1.0.tgz. Extracting by manifest.
847 silly tarball no local data for eslint-scope@https://registry.npmjs.org/eslint-scope/-/eslint-scope-8.4.0.tgz. Extracting by manifest.
848 silly tarball no local data for conf@https://registry.npmjs.org/conf/-/conf-15.0.2.tgz. Extracting by manifest.
849 silly tarball no local data for class-validator@https://registry.npmjs.org/class-validator/-/class-validator-0.14.3.tgz. Extracting by manifest.
850 silly tarball no local data for assert@https://registry.npmjs.org/assert/-/assert-2.1.0.tgz. Extracting by manifest.
851 silly tarball no local data for chance@https://registry.npmjs.org/chance/-/chance-1.1.13.tgz. Extracting by manifest.
852 silly tarball no local data for @vercel/blob@https://registry.npmjs.org/@vercel/blob/-/blob-2.2.0.tgz. Extracting by manifest.
853 silly tarball no local data for @javascript-obfuscator/estraverse@https://registry.npmjs.org/@javascript-obfuscator/estraverse/-/estraverse-5.4.0.tgz. Extracting by manifest.
854 silly tarball no local data for @javascript-obfuscator/escodegen@https://registry.npmjs.org/@javascript-obfuscator/escodegen/-/escodegen-2.3.1.tgz. Extracting by manifest.
855 silly tarball no local data for javascript-obfuscator@https://registry.npmjs.org/javascript-obfuscator/-/javascript-obfuscator-5.3.0.tgz. Extracting by manifest.
856 silly tarball no local data for is-buffer@https://registry.npmjs.org/is-buffer/-/is-buffer-1.1.6.tgz. Extracting by manifest.
857 http fetch GET 200 https://registry.npmjs.org/is-arguments/-/is-arguments-1.2.0.tgz 401ms (cache miss)
858 http fetch GET 200 https://registry.npmjs.org/stubborn-utils/-/stubborn-utils-1.0.2.tgz 404ms (cache miss)
859 http fetch GET 200 https://registry.npmjs.org/prelude-ls/-/prelude-ls-1.1.2.tgz 408ms (cache miss)
860 http fetch GET 200 https://registry.npmjs.org/tagged-tag/-/tagged-tag-1.0.0.tgz 499ms (cache miss)
861 http fetch GET 200 https://registry.npmjs.org/arrify/-/arrify-2.0.1.tgz 494ms (cache miss)
862 http fetch GET 200 https://registry.npmjs.org/levn/-/levn-0.3.0.tgz 497ms (cache miss)
863 http fetch GET 200 https://registry.npmjs.org/type-check/-/type-check-0.3.2.tgz 498ms (cache miss)
864 http fetch GET 200 https://registry.npmjs.org/mimic-function/-/mimic-function-5.0.1.tgz 539ms (cache miss)
865 http fetch GET 200 https://registry.npmjs.org/stubborn-fs/-/stubborn-fs-2.0.0.tgz 539ms (cache miss)
866 http fetch GET 200 https://registry.npmjs.org/uint8array-extras/-/uint8array-extras-1.5.0.tgz 541ms (cache miss)
867 http fetch GET 200 https://registry.npmjs.org/atomically/-/atomically-2.1.1.tgz 539ms (cache miss)
868 http fetch GET 200 https://registry.npmjs.org/when-exit/-/when-exit-2.1.5.tgz 548ms (cache miss)
869 http fetch GET 200 https://registry.npmjs.org/env-paths/-/env-paths-3.0.0.tgz 650ms (cache miss)
870 http fetch GET 200 https://registry.npmjs.org/dot-prop/-/dot-prop-10.1.0.tgz 755ms (cache miss)
871 http fetch GET 200 https://registry.npmjs.org/crypt/-/crypt-0.0.2.tgz 1197ms (cache miss)
872 http fetch GET 200 https://registry.npmjs.org/debounce-fn/-/debounce-fn-6.0.0.tgz 1382ms (cache miss)
873 http fetch GET 200 https://registry.npmjs.org/charenc/-/charenc-0.0.2.tgz 1400ms (cache miss)
874 http fetch GET 200 https://registry.npmjs.org/@types/minimatch/-/minimatch-3.0.5.tgz 1406ms (cache miss)
875 http fetch GET 200 https://registry.npmjs.org/throttleit/-/throttleit-2.1.0.tgz 1411ms (cache miss)
876 http fetch GET 200 https://registry.npmjs.org/optionator/-/optionator-0.8.3.tgz 1408ms (cache miss)
877 http fetch GET 200 https://registry.npmjs.org/async-retry/-/async-retry-1.3.3.tgz 1424ms (cache miss)
878 http fetch GET 200 https://registry.npmjs.org/array-differ/-/array-differ-3.0.0.tgz 1444ms (cache miss)
879 http fetch GET 200 https://registry.npmjs.org/eslint-visitor-keys/-/eslint-visitor-keys-4.2.1.tgz 1459ms (cache miss)
880 http fetch GET 200 https://registry.npmjs.org/is-buffer/-/is-buffer-2.0.5.tgz 1532ms (cache miss)
881 http fetch GET 200 https://registry.npmjs.org/js-string-escape/-/js-string-escape-1.0.1.tgz 1567ms (cache miss)
882 http fetch GET 200 https://registry.npmjs.org/multimatch/-/multimatch-5.0.0.tgz 1615ms (cache miss)
883 http fetch GET 200 https://registry.npmjs.org/is-buffer/-/is-buffer-1.1.6.tgz 1633ms (cache miss)
884 http fetch GET 200 https://registry.npmjs.org/process/-/process-0.11.10.tgz 1757ms (cache miss)
885 http fetch GET 200 https://registry.npmjs.org/@javascript-obfuscator/escodegen/-/escodegen-2.3.1.tgz 1756ms (cache miss)
886 http fetch GET 200 https://registry.npmjs.org/util/-/util-0.12.5.tgz 1827ms (cache miss)
887 http fetch GET 200 https://registry.npmjs.org/is-node-process/-/is-node-process-1.2.0.tgz 1885ms (cache miss)
888 http fetch GET 200 https://registry.npmjs.org/json-schema-typed/-/json-schema-typed-8.0.2.tgz 1901ms (cache miss)
889 http fetch GET 200 https://registry.npmjs.org/stringz/-/stringz-2.1.0.tgz 1893ms (cache miss)
890 http fetch GET 200 https://registry.npmjs.org/@javascript-obfuscator/estraverse/-/estraverse-5.4.0.tgz 2008ms (cache miss)
891 http fetch GET 200 https://registry.npmjs.org/conf/-/conf-15.0.2.tgz 2107ms (cache miss)
892 http fetch GET 200 https://registry.npmjs.org/md5/-/md5-2.3.0.tgz 2214ms (cache miss)
893 http fetch GET 200 https://registry.npmjs.org/reflect-metadata/-/reflect-metadata-0.2.2.tgz 2260ms (cache miss)
894 http fetch GET 200 https://registry.npmjs.org/object-is/-/object-is-1.1.6.tgz 2298ms (cache miss)
895 http fetch GET 200 https://registry.npmjs.org/is-nan/-/is-nan-1.3.2.tgz 2311ms (cache miss)
896 http fetch GET 200 https://registry.npmjs.org/assert/-/assert-2.1.0.tgz 2348ms (cache miss)
897 http fetch GET 200 https://registry.npmjs.org/ajv-formats/-/ajv-formats-3.0.1.tgz 2375ms (cache miss)
898 http fetch GET 200 https://registry.npmjs.org/commander/-/commander-12.1.0.tgz 2473ms (cache miss)
899 http fetch GET 200 https://registry.npmjs.org/eslint-scope/-/eslint-scope-8.4.0.tgz 2492ms (cache miss)
900 http fetch GET 200 https://registry.npmjs.org/string-template/-/string-template-1.0.0.tgz 2519ms (cache miss)
901 http fetch GET 200 https://registry.npmjs.org/@vercel/blob/-/blob-2.2.0.tgz 2987ms (cache miss)
902 http fetch GET 200 https://registry.npmjs.org/@inversifyjs/reflect-metadata-utils/-/reflect-metadata-utils-0.2.3.tgz 3256ms (cache miss)
903 http fetch GET 200 https://registry.npmjs.org/@inversifyjs/common/-/common-1.3.3.tgz 3383ms (cache miss)
904 http fetch GET 200 https://registry.npmjs.org/mkdirp/-/mkdirp-3.0.1.tgz 3872ms (cache miss)
905 http fetch GET 200 https://registry.npmjs.org/type-fest/-/type-fest-5.4.4.tgz 5241ms (cache miss)
906 http fetch GET 200 https://registry.npmjs.org/chance/-/chance-1.1.13.tgz 5589ms (cache miss)
907 http fetch GET 200 https://registry.npmjs.org/@types/validator/-/validator-13.15.10.tgz 6033ms (cache miss)
908 http fetch GET 200 https://registry.npmjs.org/undici/-/undici-6.23.0.tgz 6230ms (cache miss)
909 http fetch GET 200 https://registry.npmjs.org/validator/-/validator-13.15.26.tgz 6549ms (cache miss)
910 http fetch GET 200 https://registry.npmjs.org/inversify/-/inversify-6.1.4.tgz 8476ms (cache miss)
911 http fetch GET 200 https://registry.npmjs.org/@inversifyjs/core/-/core-1.3.4.tgz 9124ms (cache miss)
912 http fetch GET 200 https://registry.npmjs.org/javascript-obfuscator/-/javascript-obfuscator-5.3.0.tgz 10227ms (cache miss)
913 http fetch GET 200 https://registry.npmjs.org/libphonenumber-js/-/libphonenumber-js-1.12.36.tgz 10526ms (cache miss)
914 http fetch GET 200 https://registry.npmjs.org/class-validator/-/class-validator-0.14.3.tgz 12075ms (cache miss)
915 verbose cwd C:\workspace\Personal\woody-service-front
916 verbose os Windows_NT 10.0.26200
917 verbose node v24.13.0
918 verbose npm  v11.6.2
919 verbose exit 1
920 verbose code 1
